//-------------------------- 4/20/2023 -- 16:51:44 -----
Processor Init:
   Intel (unknown, Pentium Pro/II/III family), ~2.75 Ghz
     (timed at roughly 2.76 Ghz)
   FPU detected
   MMX detected
   SSE detected
 
Math Init:
   Installing Standard C extensions
   Installing Assembly extensions
   Installing FPU extensions
   Installing MMX extensions
   Installing SSE extensions
 
Input Init:
   DirectInput enabled.

Initializing chunk mappings...
   o 'TEXT' maps to TextChunk
   o 'SCHK' maps to UnknownChunk
   o 'SCHK' maps to SimChunk
Loading compiled script C:/FunCode+绿色免安装_patched/Games/Kill Insects Demo/Bin/common/main.cs.
Loading compiled script C:/FunCode+绿色免安装_patched/Games/Kill Insects Demo/Bin/game/main.cs.
 % - Initializing Common
Loading compiled script C:/FunCode+绿色免安装_patched/Games/Kill Insects Demo/Bin/common/preferences/defaultPrefs.cs.
Reading Display Device information...
   Primary Display Device Found:
      Vendor Id: VEN_0000
      Device Id: DEV_0000

Using OpenGL rendering. Fullscreen: 0

Loading compiled script C:/FunCode+绿色免安装_patched/Games/Kill Insects Demo/Bin/common/gameScripts/xml.cs.
Loading compiled script C:/FunCode+绿色免安装_patched/Games/Kill Insects Demo/Bin/common/gameScripts/properties.cs.
Loading compiled script C:/FunCode+绿色免安装_patched/Games/Kill Insects Demo/Bin/common/gameScripts/common.cs.
Loading compiled script C:/FunCode+绿色免安装_patched/Games/Kill Insects Demo/Bin/common/gameScripts/audio.cs.
Loading compiled script C:/FunCode+绿色免安装_patched/Games/Kill Insects Demo/Bin/common/gameScripts/canvas.cs.
Loading compiled script C:/FunCode+绿色免安装_patched/Games/Kill Insects Demo/Bin/common/gameScripts/cursor.cs.
Video Init:
   Accelerated OpenGL display device detected.
   Accelerated D3D device not detected.
   Voodoo 2 display device not detected.

Activating the OpenGL display device...
Activating the OpenGL display device...
Setting screen mode to 320x320x32 (w)...
Creating a new window...
Acquiring a new device context...
Pixel format set:
  32 color bits, 24 depth bits, 8 stencil bits
Creating a new rendering context...
Making the new rendering context current...
OpenGL driver information:
  Vendor: Intel
  Renderer: Intel(R) Iris(R) Xe Graphics
  Version: 4.6.0 - Build 30.0.101.1338
OpenGL Init: Enabled Extensions
  ARB_multitexture (Max Texture Units: 8)
  EXT_blend_color
  EXT_blend_minmax
  EXT_compiled_vertex_array
  EXT_texture_env_combine
  EXT_packed_pixels
  EXT_fog_coord
  ARB_texture_compression
  EXT_texture_compression_s3tc
  3DFX_texture_compression_FXT1
  (ARB|EXT)_texture_env_add
  EXT_texture_filter_anisotropic (Max anisotropy: 16)
  WGL_EXT_swap_control
OpenGL Init: Disabled Extensions
  EXT_paletted_texture
  NV_vertex_array_range

Max Texture Size reported as: 16384
Setting screen mode to 800x600x32 (w)...
OpenAL Driver Init:
   Failed to initialize driver.
Loading compiled script C:/FunCode+绿色免安装_patched/Games/Kill Insects Demo/Bin/common/gui/profiles.cs.
Loading compiled script C:/FunCode+绿色免安装_patched/Games/Kill Insects Demo/Bin/common/gui/cursors.cs.
Loading compiled script C:/FunCode+绿色免安装_patched/Games/Kill Insects Demo/Bin/common/gui/messageBoxOk.gui.
Loading compiled script C:/FunCode+绿色免安装_patched/Games/Kill Insects Demo/Bin/common/gui/messageBoxYesNo.gui.
Loading compiled script C:/FunCode+绿色免安装_patched/Games/Kill Insects Demo/Bin/common/gui/messageBoxYesNoCancel.gui.
Loading compiled script C:/FunCode+绿色免安装_patched/Games/Kill Insects Demo/Bin/common/gui/messageBoxOKCancel.gui.
Loading compiled script C:/FunCode+绿色免安装_patched/Games/Kill Insects Demo/Bin/common/gui/messageBoxOKCancelDetailsDlg.gui.
Loading compiled script C:/FunCode+绿色免安装_patched/Games/Kill Insects Demo/Bin/common/gui/messagePopup.gui.
Loading compiled script C:/FunCode+绿色免安装_patched/Games/Kill Insects Demo/Bin/common/gui/options.gui.
Loading compiled script C:/FunCode+绿色免安装_patched/Games/Kill Insects Demo/Bin/common/gui/remap.gui.
Loading compiled script C:/FunCode+绿色免安装_patched/Games/Kill Insects Demo/Bin/common/gui/console.gui.
Loading compiled script C:/FunCode+绿色免安装_patched/Games/Kill Insects Demo/Bin/common/gui/NetworkMenu.gui.
Loading compiled script C:/FunCode+绿色免安装_patched/Games/Kill Insects Demo/Bin/common/gui/startServer.gui.
Loading compiled script C:/FunCode+绿色免安装_patched/Games/Kill Insects Demo/Bin/common/gui/joinServer.gui.
Loading compiled script C:/FunCode+绿色免安装_patched/Games/Kill Insects Demo/Bin/common/gui/waitingForServer.gui.
Loading compiled script C:/FunCode+绿色免安装_patched/Games/Kill Insects Demo/Bin/common/gui/helpDlg.gui.
Loading compiled script C:/FunCode+绿色免安装_patched/Games/Kill Insects Demo/Bin/common/gui/messageBox.cs.
Loading compiled script C:/FunCode+绿色免安装_patched/Games/Kill Insects Demo/Bin/common/gui/help.cs.
Loading compiled script C:/FunCode+绿色免安装_patched/Games/Kill Insects Demo/Bin/common/gui/chatGui.gui.
Loading compiled script C:/FunCode+绿色免安装_patched/Games/Kill Insects Demo/Bin/common/gameScripts/screenshot.cs.
Loading compiled script C:/FunCode+绿色免安装_patched/Games/Kill Insects Demo/Bin/common/gameScripts/metrics.cs.
Loading compiled script C:/FunCode+绿色免安装_patched/Games/Kill Insects Demo/Bin/common/Gui/FrameOverlayGui.gui.
Loading compiled script C:/FunCode+绿色免安装_patched/Games/Kill Insects Demo/Bin/common/gameScripts/scriptDoc.cs.
Loading compiled script C:/FunCode+绿色免安装_patched/Games/Kill Insects Demo/Bin/common/gameScripts/keybindings.cs.
Loading compiled script C:/FunCode+绿色免安装_patched/Games/Kill Insects Demo/Bin/common/gameScripts/options.cs.
Loading compiled script C:/FunCode+绿色免安装_patched/Games/Kill Insects Demo/Bin/common/gameScripts/levelManagement.cs.
Loading compiled script C:/FunCode+绿色免安装_patched/Games/Kill Insects Demo/Bin/common/gameScripts/projectManagement.cs.
Loading compiled script C:/FunCode+绿色免安装_patched/Games/Kill Insects Demo/Bin/common/gameScripts/projectResources.cs.
Loading compiled script C:/FunCode+绿色免安装_patched/Games/Kill Insects Demo/Bin/common/gameScripts/align.cs.

FunCode (v1.7.5) initialized...
Loading compiled script C:/FunCode+绿色免安装_patched/Games/Kill Insects Demo/Bin/game/managed/datablocks.cs.
Loading compiled script C:/FunCode+绿色免安装_patched/Games/Kill Insects Demo/Bin/game/managed/persistent.cs.
Compiling C:/FunCode+绿色免安装_patched/Games/Kill Insects Demo/Bin/game/managed/brushes.cs...
Loading compiled script C:/FunCode+绿色免安装_patched/Games/Kill Insects Demo/Bin/game/managed/brushes.cs.
Loading compiled script C:/FunCode+绿色免安装_patched/Games/Kill Insects Demo/Bin/game/gameScripts/datablocks.cs.
Loading compiled script C:/FunCode+绿色免安装_patched/Games/Kill Insects Demo/Bin/game/gameScripts/guiProfiles.cs.
Loading compiled script C:/FunCode+绿色免安装_patched/Games/Kill Insects Demo/Bin/game/gui/mainScreen.gui.
Loading compiled script C:/FunCode+绿色免安装_patched/Games/Kill Insects Demo/Bin/game/gameScripts/game.cs.
Activating DirectInput...
DirectInput joystick failed to enable!
Compiling C:/FunCode+绿色免安装_patched/Games/Kill Insects Demo/Bin/game/data/levels/level.t2d...
Loading compiled script C:/FunCode+绿色免安装_patched/Games/Kill Insects Demo/Bin/game/data/levels/level.t2d.
t2dSceneGraph::addToScene() - Object '1320' is already in a SceneGraph!.
t2dSceneGraph::addToScene() - Object '1321' is already in a SceneGraph!.
t2dSceneGraph::addToScene() - Object '1322' is already in a SceneGraph!.
t2dSceneGraph::addToScene() - Object '1323' is already in a SceneGraph!.
t2dSceneGraph::addToScene() - Object '1324' is already in a SceneGraph!.
t2dSceneGraph::addToScene() - Object '1325' is already in a SceneGraph!.
t2dSceneGraph::addToScene() - Object '1326' is already in a SceneGraph!.
t2dSceneGraph::addToScene() - Object '1327' is already in a SceneGraph!.
t2dSceneGraph::addToScene() - Object '1328' is already in a SceneGraph!.
t2dSceneGraph::addToScene() - Object '1329' is already in a SceneGraph!.
t2dSceneGraph::addToScene() - Object '1330' is already in a SceneGraph!.
t2dSceneGraph::addToScene() - Object '1331' is already in a SceneGraph!.
t2dSceneGraph::addToScene() - Object '1332' is already in a SceneGraph!.
t2dSceneGraph::addToScene() - Object '1333' is already in a SceneGraph!.
t2dSceneGraph::addToScene() - Object '1334' is already in a SceneGraph!.
t2dSceneGraph::addToScene() - Object '1335' is already in a SceneGraph!.
t2dSceneGraph::addToScene() - Object '1336' is already in a SceneGraph!.
t2dSceneGraph::addToScene() - Object '1337' is already in a SceneGraph!.
t2dSceneGraph::addToScene() - Object '1338' is already in a SceneGraph!.
t2dSceneGraph::addToScene() - Object '1339' is already in a SceneGraph!.
t2dSceneGraph::addToScene() - Object '1340' is already in a SceneGraph!.
t2dSceneGraph::addToScene() - Object '1341' is already in a SceneGraph!.
t2dSceneGraph::addToScene() - Object '1342' is already in a SceneGraph!.
t2dSceneGraph::addToScene() - Object '1343' is already in a SceneGraph!.
t2dSceneGraph::addToScene() - Object '1344' is already in a SceneGraph!.
t2dSceneGraph::addToScene() - Object '1345' is already in a SceneGraph!.
t2dSceneGraph::addToScene() - Object '1346' is already in a SceneGraph!.
t2dSceneGraph::addToScene() - Object '1347' is already in a SceneGraph!.
t2dSceneGraph::addToScene() - Object '1348' is already in a SceneGraph!.
t2dSceneGraph::addToScene() - Object '1349' is already in a SceneGraph!.
t2dSceneGraph::addToScene() - Object '1350' is already in a SceneGraph!.
t2dSceneGraph::addToScene() - Object '1351' is already in a SceneGraph!.
t2dSceneGraph::addToScene() - Object '1352' is already in a SceneGraph!.
t2dSceneGraph::addToScene() - Object '1353' is already in a SceneGraph!.
t2dSceneGraph::addToScene() - Object '1354' is already in a SceneGraph!.
t2dSceneGraph::addToScene() - Object '1355' is already in a SceneGraph!.
t2dSceneGraph::addToScene() - Object '1356' is already in a SceneGraph!.
t2dSceneGraph::addToScene() - Object '1357' is already in a SceneGraph!.
t2dSceneGraph::addToScene() - Object '1358' is already in a SceneGraph!.
t2dSceneGraph::addToScene() - Object '1359' is already in a SceneGraph!.
DirectInput deactivated.
