//-------------------------- 7/14/2023 -- 15:54:37 -----
Processor Init:
   Intel (unknown, Pentium Pro/II/III family), ~2.75 Ghz
     (timed at roughly 2.77 Ghz)
   FPU detected
   MMX detected
   SSE detected
 
Math Init:
   Installing Standard C extensions
   Installing Assembly extensions
   Installing FPU extensions
   Installing MMX extensions
   Installing SSE extensions
 
Input Init:
   DirectInput enabled.

Initializing chunk mappings...
   o 'TEXT' maps to TextChunk
   o 'SCHK' maps to UnknownChunk
   o 'SCHK' maps to SimChunk
Loading compiled script C:/FunCode+绿色免安装_patched/Games/1ttkp/天天酷跑/Bin/common/main.cs.
Loading compiled script C:/FunCode+绿色免安装_patched/Games/1ttkp/天天酷跑/Bin/game/main.cs.
 % - Initializing Common
Loading compiled script C:/FunCode+绿色免安装_patched/Games/1ttkp/天天酷跑/Bin/common/preferences/defaultPrefs.cs.
Reading Display Device information...
   Primary Display Device Found:
      Vendor Id: VEN_0000
      Device Id: DEV_0000

Using OpenGL rendering. Fullscreen: 0

Loading compiled script C:/FunCode+绿色免安装_patched/Games/1ttkp/天天酷跑/Bin/common/gameScripts/xml.cs.
Loading compiled script C:/FunCode+绿色免安装_patched/Games/1ttkp/天天酷跑/Bin/common/gameScripts/properties.cs.
Loading compiled script C:/FunCode+绿色免安装_patched/Games/1ttkp/天天酷跑/Bin/common/gameScripts/common.cs.
Loading compiled script C:/FunCode+绿色免安装_patched/Games/1ttkp/天天酷跑/Bin/common/gameScripts/audio.cs.
Loading compiled script C:/FunCode+绿色免安装_patched/Games/1ttkp/天天酷跑/Bin/common/gameScripts/canvas.cs.
Loading compiled script C:/FunCode+绿色免安装_patched/Games/1ttkp/天天酷跑/Bin/common/gameScripts/cursor.cs.
Video Init:
   Accelerated OpenGL display device detected.
   Accelerated D3D device not detected.
   Voodoo 2 display device not detected.

Activating the OpenGL display device...
Activating the OpenGL display device...
Setting screen mode to 320x320x32 (w)...
Creating a new window...
Acquiring a new device context...
Pixel format set:
  32 color bits, 24 depth bits, 8 stencil bits
Creating a new rendering context...
Making the new rendering context current...
OpenGL driver information:
  Vendor: Intel
  Renderer: Intel(R) Iris(R) Xe Graphics
  Version: 4.6.0 - Build 30.0.101.1338
OpenGL Init: Enabled Extensions
  ARB_multitexture (Max Texture Units: 8)
  EXT_blend_color
  EXT_blend_minmax
  EXT_compiled_vertex_array
  EXT_texture_env_combine
  EXT_packed_pixels
  EXT_fog_coord
  ARB_texture_compression
  EXT_texture_compression_s3tc
  3DFX_texture_compression_FXT1
  (ARB|EXT)_texture_env_add
  EXT_texture_filter_anisotropic (Max anisotropy: 16)
  WGL_EXT_swap_control
OpenGL Init: Disabled Extensions
  EXT_paletted_texture
  NV_vertex_array_range

Max Texture Size reported as: 16384
Setting screen mode to 800x600x32 (w)...
OpenAL Driver Init:
   Failed to initialize driver.
Loading compiled script C:/FunCode+绿色免安装_patched/Games/1ttkp/天天酷跑/Bin/common/gui/profiles.cs.
Loading compiled script C:/FunCode+绿色免安装_patched/Games/1ttkp/天天酷跑/Bin/common/gui/cursors.cs.
Loading compiled script C:/FunCode+绿色免安装_patched/Games/1ttkp/天天酷跑/Bin/common/gui/messageBoxOk.gui.
Loading compiled script C:/FunCode+绿色免安装_patched/Games/1ttkp/天天酷跑/Bin/common/gui/messageBoxYesNo.gui.
Loading compiled script C:/FunCode+绿色免安装_patched/Games/1ttkp/天天酷跑/Bin/common/gui/messageBoxYesNoCancel.gui.
Loading compiled script C:/FunCode+绿色免安装_patched/Games/1ttkp/天天酷跑/Bin/common/gui/messageBoxOKCancel.gui.
Loading compiled script C:/FunCode+绿色免安装_patched/Games/1ttkp/天天酷跑/Bin/common/gui/messageBoxOKCancelDetailsDlg.gui.
Loading compiled script C:/FunCode+绿色免安装_patched/Games/1ttkp/天天酷跑/Bin/common/gui/messagePopup.gui.
Loading compiled script C:/FunCode+绿色免安装_patched/Games/1ttkp/天天酷跑/Bin/common/gui/options.gui.
Loading compiled script C:/FunCode+绿色免安装_patched/Games/1ttkp/天天酷跑/Bin/common/gui/remap.gui.
Loading compiled script C:/FunCode+绿色免安装_patched/Games/1ttkp/天天酷跑/Bin/common/gui/console.gui.
Loading compiled script C:/FunCode+绿色免安装_patched/Games/1ttkp/天天酷跑/Bin/common/gui/NetworkMenu.gui.
Loading compiled script C:/FunCode+绿色免安装_patched/Games/1ttkp/天天酷跑/Bin/common/gui/startServer.gui.
Loading compiled script C:/FunCode+绿色免安装_patched/Games/1ttkp/天天酷跑/Bin/common/gui/joinServer.gui.
Loading compiled script C:/FunCode+绿色免安装_patched/Games/1ttkp/天天酷跑/Bin/common/gui/waitingForServer.gui.
Loading compiled script C:/FunCode+绿色免安装_patched/Games/1ttkp/天天酷跑/Bin/common/gui/helpDlg.gui.
Loading compiled script C:/FunCode+绿色免安装_patched/Games/1ttkp/天天酷跑/Bin/common/gui/messageBox.cs.
Loading compiled script C:/FunCode+绿色免安装_patched/Games/1ttkp/天天酷跑/Bin/common/gui/help.cs.
Loading compiled script C:/FunCode+绿色免安装_patched/Games/1ttkp/天天酷跑/Bin/common/gui/chatGui.gui.
Loading compiled script C:/FunCode+绿色免安装_patched/Games/1ttkp/天天酷跑/Bin/common/gameScripts/screenshot.cs.
Loading compiled script C:/FunCode+绿色免安装_patched/Games/1ttkp/天天酷跑/Bin/common/gameScripts/metrics.cs.
Loading compiled script C:/FunCode+绿色免安装_patched/Games/1ttkp/天天酷跑/Bin/common/Gui/FrameOverlayGui.gui.
Loading compiled script C:/FunCode+绿色免安装_patched/Games/1ttkp/天天酷跑/Bin/common/gameScripts/scriptDoc.cs.
Loading compiled script C:/FunCode+绿色免安装_patched/Games/1ttkp/天天酷跑/Bin/common/gameScripts/keybindings.cs.
Loading compiled script C:/FunCode+绿色免安装_patched/Games/1ttkp/天天酷跑/Bin/common/gameScripts/options.cs.
Loading compiled script C:/FunCode+绿色免安装_patched/Games/1ttkp/天天酷跑/Bin/common/gameScripts/levelManagement.cs.
Loading compiled script C:/FunCode+绿色免安装_patched/Games/1ttkp/天天酷跑/Bin/common/gameScripts/projectManagement.cs.
Loading compiled script C:/FunCode+绿色免安装_patched/Games/1ttkp/天天酷跑/Bin/common/gameScripts/projectResources.cs.
Loading compiled script C:/FunCode+绿色免安装_patched/Games/1ttkp/天天酷跑/Bin/common/gameScripts/align.cs.

FunCode (v1.7.5) initialized...
Loading compiled script C:/FunCode+绿色免安装_patched/Games/1ttkp/天天酷跑/Bin/game/managed/datablocks.cs.
Loading compiled script C:/FunCode+绿色免安装_patched/Games/1ttkp/天天酷跑/Bin/game/managed/persistent.cs.
Loading compiled script C:/FunCode+绿色免安装_patched/Games/1ttkp/天天酷跑/Bin/game/managed/brushes.cs.
Loading compiled script C:/FunCode+绿色免安装_patched/Games/1ttkp/天天酷跑/Bin/game/gameScripts/datablocks.cs.
Loading compiled script C:/FunCode+绿色免安装_patched/Games/1ttkp/天天酷跑/Bin/game/gameScripts/guiProfiles.cs.
Loading compiled script C:/FunCode+绿色免安装_patched/Games/1ttkp/天天酷跑/Bin/game/gui/mainScreen.gui.
Loading compiled script C:/FunCode+绿色免安装_patched/Games/1ttkp/天天酷跑/Bin/game/gameScripts/game.cs.
Activating DirectInput...
DirectInput joystick failed to enable!
Compiling C:/FunCode+绿色免安装_patched/Games/1ttkp/天天酷跑/Bin/game/data/levels/level.t2d...
Loading compiled script C:/FunCode+绿色免安装_patched/Games/1ttkp/天天酷跑/Bin/game/data/levels/level.t2d.
t2dSceneGraph::addToScene() - Object '1439' is already in a SceneGraph!.
t2dSceneGraph::addToScene() - Object '1440' is already in a SceneGraph!.
t2dSceneGraph::addToScene() - Object '1441' is already in a SceneGraph!.
t2dSceneGraph::addToScene() - Object '1442' is already in a SceneGraph!.
t2dSceneGraph::addToScene() - Object '1443' is already in a SceneGraph!.
t2dSceneGraph::addToScene() - Object '1444' is already in a SceneGraph!.
t2dSceneGraph::addToScene() - Object '1445' is already in a SceneGraph!.
t2dSceneGraph::addToScene() - Object '1446' is already in a SceneGraph!.
t2dSceneGraph::addToScene() - Object '1447' is already in a SceneGraph!.
t2dSceneGraph::addToScene() - Object '1448' is already in a SceneGraph!.
t2dSceneGraph::addToScene() - Object '1449' is already in a SceneGraph!.
t2dSceneGraph::addToScene() - Object '1450' is already in a SceneGraph!.
t2dSceneGraph::addToScene() - Object '1451' is already in a SceneGraph!.
t2dSceneGraph::addToScene() - Object '1452' is already in a SceneGraph!.
t2dSceneGraph::addToScene() - Object '1453' is already in a SceneGraph!.
t2dSceneGraph::addToScene() - Object '1454' is already in a SceneGraph!.
t2dSceneGraph::addToScene() - Object '1455' is already in a SceneGraph!.
t2dSceneGraph::addToScene() - Object '1456' is already in a SceneGraph!.
t2dSceneGraph::addToScene() - Object '1457' is already in a SceneGraph!.
t2dSceneGraph::addToScene() - Object '1458' is already in a SceneGraph!.
t2dSceneGraph::addToScene() - Object '1459' is already in a SceneGraph!.
t2dSceneGraph::addToScene() - Object '1460' is already in a SceneGraph!.
t2dSceneGraph::addToScene() - Object '1461' is already in a SceneGraph!.
t2dSceneGraph::addToScene() - Object '1462' is already in a SceneGraph!.
t2dSceneGraph::addToScene() - Object '1463' is already in a SceneGraph!.
t2dSceneGraph::addToScene() - Object '1464' is already in a SceneGraph!.
t2dSceneGraph::addToScene() - Object '1465' is already in a SceneGraph!.
t2dSceneGraph::addToScene() - Object '1466' is already in a SceneGraph!.
t2dSceneGraph::addToScene() - Object '1467' is already in a SceneGraph!.
t2dSceneGraph::addToScene() - Object '1468' is already in a SceneGraph!.
t2dSceneGraph::addToScene() - Object '1469' is already in a SceneGraph!.
t2dSceneGraph::addToScene() - Object '1470' is already in a SceneGraph!.
t2dSceneGraph::addToScene() - Object '1471' is already in a SceneGraph!.
t2dSceneGraph::addToScene() - Object '1472' is already in a SceneGraph!.
t2dSceneGraph::addToScene() - Object '1473' is already in a SceneGraph!.
t2dSceneGraph::addToScene() - Object '1474' is already in a SceneGraph!.
t2dSceneGraph::addToScene() - Object '1475' is already in a SceneGraph!.
t2dSceneGraph::addToScene() - Object '1476' is already in a SceneGraph!.
t2dSceneGraph::addToScene() - Object '1477' is already in a SceneGraph!.
t2dSceneGraph::addToScene() - Object '1478' is already in a SceneGraph!.
t2dSceneGraph::addToScene() - Object '1479' is already in a SceneGraph!.
DirectInput deactivated.
Activating DirectInput...
DirectInput deactivated.
Shutting down the OpenGL display device...
Making the GL rendering context not current...
Deleting the GL rendering context...
Releasing the device context...
